Error:2022/09/06 03:54:32.681713 main.go:128: err: open : no such file or directory
Error:2022/09/06 03:54:47.741311 main.go:128: err: open : no such file or directory
Error:2022/09/06 04:40:38.138475 main.go:130: err: open : no such file or directory
Error:2022/09/06 04:41:34.141276 main.go:130: err: open : no such file or directory
Error:2022/09/06 04:41:55.736367 main.go:130: err: open /api/v1/: no such file or directory
Error:2022/09/26 16:17:28.471957 main.go:129: err: open /api/v1/: no such file or directory
Error:2022/09/26 16:18:02.632188 main.go:129: err: open /api/v1/: no such file or directory
Error:2022/09/26 16:37:46.656559 main.go:148: err: open /api/v1/: no such file or directory
Error:2022/09/26 16:40:50.573301 main.go:153: err: open /api/v1/: no such file or directory
Error:2022/09/26 16:41:37.559491 main.go:152: err: open /api/v1/: no such file or directory
Error:2022/09/26 16:41:54.139888 main.go:152: err: open /api/v1/: no such file or directory
Error:2022/09/26 16:43:08.702329 main.go:153: err: open /api/v1/: no such file or directory
Error:2022/09/27 16:04:48.043002 proxy.go:115: err: open /api/v1/: no such file or directory
Error:2022/09/27 16:06:22.360765 proxy.go:115: err: open /api/v1/: no such file or directory
Error:2022/09/27 16:07:30.395697 proxy.go:115: err: open /api/v1/: no such file or directory
Error:2022/10/06 04:37:16.181753 proxy.go:115: err: open /api/v1/: no such file or directory
Error:2022/10/06 12:54:34.977642 proxy.go:115: err: open /api/v1/: no such file or directory
Error:2022/10/14 15:51:36.983556 proxy.go:99: err: open /api/v1/: no such file or directory
Error:2022/10/14 15:52:13.821632 proxy.go:99: err: open /api/v1/: no such file or directory
Error:2022/10/14 15:56:15.139076 proxy.go:99: err: open /api/v1/: no such file or directory
Error:2022/10/14 15:57:30.633865 proxy.go:99: err: open /api/v1/: no such file or directory
Error:2022/10/14 16:02:53.901359 proxy.go:99: err: open /api/v1/: no such file or directory
Error:2022/10/14 16:05:32.158979 proxy.go:99: err: open /api/v1/: no such file or directory
Error:2022/10/14 16:05:53.355955 proxy.go:99: err: open /api/v1/: no such file or directory
Error:2022/10/14 16:06:27.686045 proxy.go:99: err: open /api/v1/: no such file or directory
Error:2022/10/14 16:07:33.840204 proxy.go:99: err: open /api/v1/: no such file or directory
Error:2022/10/14 16:07:59.518405 proxy.go:99: err: open /api/v1/: no such file or directory
Error:2022/10/14 16:14:02.787331 proxy.go:99: err: open /api/v1/: no such file or directory
Error:2022/10/14 16:14:16.125182 proxy.go:99: err: open /api/v1/: no such file or directory
Error:2022/10/14 16:15:10.881632 proxy.go:99: err: open /api/v1/: no such file or directory
Error:2022/10/14 16:15:30.056678 proxy.go:99: err: open /api/v1/: no such file or directory
Error:2022/10/14 16:21:15.898017 proxy.go:99: err: open /api/v1/: no such file or directory
Error:2022/10/14 18:12:57.512590 load_config.go:62: err: open config_local.json: no such file or directory
Error:2022/10/14 18:12:57.512972 proxy.go:108: err: open /api/v1/: no such file or directory
Error:2022/10/14 18:14:06.002242 load_config.go:62: err: open config_local.json: no such file or directory
Error:2022/10/14 18:14:06.002458 proxy.go:108: err: open /api/v1/: no such file or directory
Error:2022/10/14 18:14:32.733702 load_config.go:62: err: open config_local.json: no such file or directory
Error:2022/10/14 18:14:32.733777 proxy.go:108: err: open /api/v1/: no such file or directory
Error:2022/10/14 18:15:15.449462 load_config.go:62: err: open config_local.json: no such file or directory
Error:2022/10/14 18:15:15.449538 proxy.go:108: err: open /api/v1/: no such file or directory
Error:2022/10/14 18:15:33.871610 load_config.go:62: err: open config_local.json: no such file or directory
Error:2022/10/14 18:15:33.871693 proxy.go:108: err: open /api/v1/: no such file or directory
Error:2022/10/14 18:15:43.083213 load_config.go:62: err: open config_local.json: no such file or directory
Error:2022/10/14 18:15:43.083285 proxy.go:108: err: open /api/v1/: no such file or directory
Error:2022/10/14 18:16:10.425130 load_config.go:62: err: open config_local.json: no such file or directory
Error:2022/10/14 18:16:10.425205 proxy.go:108: err: open /api/v1/: no such file or directory
Error:2022/10/14 18:16:27.935486 load_config.go:62: err: open config_local.json: no such file or directory
Error:2022/10/14 18:16:27.935557 proxy.go:108: err: open /api/v1/: no such file or directory
Error:2022/10/14 18:16:51.279648 load_config.go:62: err: open config_local.json: no such file or directory
Error:2022/10/14 18:16:51.279732 proxy.go:108: err: open /api/v1/: no such file or directory
Error:2022/10/14 18:17:15.426859 load_config.go:62: err: open config_local.json: no such file or directory
Error:2022/10/14 18:17:15.426948 proxy.go:108: err: open /api/v1/: no such file or directory
Error:2022/10/14 18:17:34.586783 load_config.go:62: err: open config_local.json: no such file or directory
Error:2022/10/14 18:17:34.586858 proxy.go:108: err: open /api/v1/: no such file or directory
Error:2022/10/14 18:17:59.788452 load_config.go:62: err: open config_local.json: no such file or directory
Error:2022/10/14 18:17:59.788535 proxy.go:108: err: open /api/v1/: no such file or directory
Error:2022/10/14 18:18:48.635474 load_config.go:62: err: open config_local.json: no such file or directory
Error:2022/10/14 18:18:48.635556 proxy.go:108: err: open /api/v1/: no such file or directory
Error:2022/10/14 18:19:06.758391 load_config.go:62: err: open config_local.json: no such file or directory
Error:2022/10/14 18:19:06.758470 proxy.go:108: err: open /api/v1/: no such file or directory
Error:2022/10/14 18:19:30.395758 load_config.go:62: err: open config_local.json: no such file or directory
Error:2022/10/14 18:19:30.395831 proxy.go:108: err: open /api/v1/: no such file or directory
Error:2022/10/14 18:19:54.374209 load_config.go:62: err: open config_local.json: no such file or directory
Error:2022/10/14 18:19:54.374287 proxy.go:108: err: open /api/v1/: no such file or directory
Error:2022/10/14 18:20:16.328791 load_config.go:62: err: open config_local.json: no such file or directory
Error:2022/10/14 18:20:16.328862 proxy.go:108: err: open /api/v1/: no such file or directory
Error:2022/10/14 18:20:37.350507 load_config.go:62: err: open config_local.json: no such file or directory
Error:2022/10/14 18:20:37.350579 proxy.go:108: err: open /api/v1/: no such file or directory
Error:2022/10/14 18:21:06.688031 load_config.go:62: err: open config_local.json: no such file or directory
Error:2022/10/14 18:21:06.688129 proxy.go:108: err: open /api/v1/: no such file or directory
Error:2022/10/14 18:21:45.891544 load_config.go:62: err: open config_local.json: no such file or directory
Error:2022/10/14 18:21:45.891621 proxy.go:108: err: open /api/v1/: no such file or directory
Error:2022/10/14 18:22:14.281626 load_config.go:62: err: open config_local.json: no such file or directory
Error:2022/10/14 18:22:14.281740 proxy.go:108: err: open /api/v1/: no such file or directory
Error:2022/10/14 18:22:38.731144 load_config.go:62: err: open config_local.json: no such file or directory
Error:2022/10/14 18:22:38.731223 proxy.go:108: err: open /api/v1/: no such file or directory
Error:2022/10/14 18:23:19.022486 load_config.go:62: err: open config_local.json: no such file or directory
Error:2022/10/14 18:23:19.022870 proxy.go:108: err: open /api/v1/: no such file or directory
Error:2022/10/14 18:29:03.336350 load_config.go:62: err: open config_local.json: no such file or directory
Error:2022/10/14 18:29:03.336419 proxy.go:108: err: open /api/v1/: no such file or directory
Error:2022/10/14 18:36:59.505495 load_config.go:62: err: open config_local.json: no such file or directory
Error:2022/10/14 18:36:59.505580 proxy.go:108: err: open /api/v1/: no such file or directory
Error:2022/10/14 18:46:47.520111 load_config.go:62: err: open config_local.json: no such file or directory
Error:2022/10/14 18:46:47.520186 proxy.go:108: err: open /api/v1/: no such file or directory
Error:2022/10/14 18:47:48.509605 load_config.go:62: err: open config_local.json: no such file or directory
Error:2022/10/14 18:47:48.509697 proxy.go:108: err: open /api/v1/: no such file or directory
Error:2022/10/14 18:47:58.106754 load_config.go:62: err: open config_local.json: no such file or directory
Error:2022/10/14 18:47:58.106838 proxy.go:108: err: open /api/v1/: no such file or directory
Error:2022/10/14 18:48:11.349480 load_config.go:62: err: open config_local.json: no such file or directory
Error:2022/10/14 18:48:11.349565 proxy.go:108: err: open /api/v1/: no such file or directory
Error:2022/10/14 18:56:43.199136 load_config.go:62: err: open config_local.json: no such file or directory
Error:2022/10/14 18:56:43.199646 proxy.go:108: err: open /api/v1/: no such file or directory
Error:2022/10/14 19:01:07.330378 load_config.go:62: err: open config_local.json: no such file or directory
Error:2022/10/14 19:01:07.331060 proxy.go:108: err: open /api/v1/: no such file or directory
Error:2022/10/14 19:02:26.929274 load_config.go:62: err: open config_local.json: no such file or directory
Error:2022/10/14 19:02:26.929515 proxy.go:108: err: open /api/v1/: no such file or directory
Error:2022/10/26 10:22:00.066619 load_config.go:62: err: open config_local.json: no such file or directory
Error:2022/10/26 10:22:00.067261 proxy.go:108: err: open /api/v1/: no such file or directory
Error:2022/10/26 10:26:49.114084 load_config.go:62: err: open config_local.json: no such file or directory
Error:2022/10/26 10:26:49.114174 proxy.go:108: err: open /api/v1/: no such file or directory
Error:2022/10/26 10:30:43.547276 load_config.go:62: err: open config_local.json: no such file or directory
Error:2022/10/26 10:30:43.547946 proxy.go:108: err: open /api/v1/: no such file or directory
Error:2022/10/26 10:31:37.538594 load_config.go:62: err: open config_local.json: no such file or directory
Error:2022/10/26 10:31:37.539158 proxy.go:108: err: open /api/v1/: no such file or directory
Error:2022/10/26 10:32:20.839048 load_config.go:62: err: open config_local.json: no such file or directory
Error:2022/10/26 10:32:20.839634 proxy.go:108: err: open /api/v1/: no such file or directory
Error:2022/10/26 10:32:56.812146 load_config.go:62: err: open config_local.json: no such file or directory
Error:2022/10/26 10:32:56.812253 proxy.go:108: err: open /api/v1/: no such file or directory
Error:2022/10/26 10:33:50.339149 load_config.go:62: err: open config_local.json: no such file or directory
Error:2022/10/26 10:33:50.339449 proxy.go:108: err: open /api/v1/: no such file or directory
Error:2022/10/26 10:34:30.746568 load_config.go:62: err: open config_local.json: no such file or directory
Error:2022/10/26 10:34:30.746860 proxy.go:108: err: open /api/v1/: no such file or directory
Error:2022/10/26 10:36:10.255556 load_config.go:62: err: open config_local.json: no such file or directory
Error:2022/10/26 10:36:10.256241 proxy.go:108: err: open /api/v1/: no such file or directory
Error:2022/10/26 10:36:32.778382 load_config.go:62: err: open config_local.json: no such file or directory
Error:2022/10/26 10:36:32.779147 proxy.go:108: err: open /api/v1/: no such file or directory
Error:2022/10/26 10:38:00.621244 proxy.go:108: err: open /api/v1/: no such file or directory
Error:2022/10/26 10:39:08.954156 proxy.go:108: err: open /api/v1/: no such file or directory
Error:2022/10/26 10:40:12.686795 proxy.go:108: err: open /api/v1/: no such file or directory
Error:2022/10/26 10:40:23.008953 proxy.go:108: err: open /api/v1/: no such file or directory
Error:2022/10/26 10:41:34.753797 proxy.go:108: err: open /api/v1/: no such file or directory
Error:2022/10/26 10:42:34.550999 proxy.go:108: err: open /api/v1/: no such file or directory
Error:2022/10/26 10:44:28.050484 proxy.go:108: err: open /api/v1/: no such file or directory
Error:2022/10/26 10:45:44.435665 proxy.go:108: err: open /api/v1/: no such file or directory
Error:2022/10/26 10:46:49.125135 proxy.go:108: err: open /api/v1/: no such file or directory
Error:2022/10/26 10:47:29.498555 proxy.go:108: err: open /api/v1/: no such file or directory
Error:2022/10/26 10:48:13.945202 proxy.go:108: err: open /api/v1/: no such file or directory
Error:2022/10/26 10:48:23.882441 proxy.go:108: err: open /api/v1/: no such file or directory
Error:2022/10/26 10:48:35.841039 proxy.go:108: err: open /api/v1/: no such file or directory
Error:2022/10/26 10:49:13.465544 proxy.go:108: err: open /api/v1/: no such file or directory
Error:2022/10/26 10:50:27.286867 proxy.go:108: err: open /api/v1/: no such file or directory
Error:2022/10/26 10:53:02.189919 proxy.go:108: err: open /api/v1/: no such file or directory
Error:2022/10/26 11:23:41.707891 proxy.go:108: err: open /api/v1/: no such file or directory
Error:2022/10/26 11:24:46.108208 proxy.go:108: err: open /api/v1/: no such file or directory
Error:2022/10/26 11:24:58.312283 proxy.go:108: err: open /api/v1/: no such file or directory
Error:2022/10/26 12:11:03.795037 load_config.go:62: err: open config_local.json: no such file or directory
Error:2022/10/26 12:11:03.795151 proxy.go:108: err: open /api/v1/: no such file or directory
Error:2022/10/26 12:12:14.769164 load_config.go:62: err: open config_local.json: no such file or directory
Error:2022/10/26 12:12:14.769826 proxy.go:108: err: open /api/v1/: no such file or directory
Error:2022/10/26 12:14:46.713774 load_config.go:62: err: open config_local.json: no such file or directory
Error:2022/10/26 12:14:46.714501 proxy.go:108: err: open /api/v1/: no such file or directory
[Err]:2022/10/26 12:16:38.654288 load_config.go:62: err: open config_local.json: no such file or directory
[Err]:2022/10/26 12:16:38.654412 proxy.go:108: err: open /api/v1/: no such file or directory
[Err]:2022/10/26 12:21:48.245714 load_config.go:62: err: open config_local.json: no such file or directory
[Err]:2022/10/26 12:21:48.245790 proxy.go:108: err: open /api/v1/: no such file or directory
[Err]:2022/10/26 12:22:44.876109 load_config.go:62: err: open config_local.json: no such file or directory
[Err]:2022/10/26 12:22:44.876167 proxy.go:108: err: open /api/v1/: no such file or directory
[Err]:2022/10/26 12:46:58.348027 load_config.go:62: err: open config_local.json: no such file or directory
[Err]:2022/10/26 12:46:58.348090 proxy.go:108: err: open /api/v1/: no such file or directory
[Err]:2022/10/26 12:47:19.568508 load_config.go:62: err: open config_local.json: no such file or directory
[Err]:2022/10/26 12:47:19.568602 proxy.go:108: err: open /api/v1/: no such file or directory
[Err]:2022/10/26 12:48:16.240793 load_config.go:62: err: open config_local.json: no such file or directory
[Err]:2022/10/26 12:48:16.241096 proxy.go:108: err: open /api/v1/: no such file or directory
[Err]:2022/10/26 12:48:23.836576 load_config.go:62: err: open config_local.json: no such file or directory
[Err]:2022/10/26 12:48:23.837077 proxy.go:108: err: open /api/v1/: no such file or directory
[Err]:2022/10/26 12:48:30.085149 load_config.go:62: err: open config_local.json: no such file or directory
[Err]:2022/10/26 12:48:30.085185 proxy.go:108: err: open /api/v1/: no such file or directory
[Err]:2022/10/26 12:49:04.606794 load_config.go:62: err: open config_local.json: no such file or directory
[Err]:2022/10/26 12:49:04.607200 proxy.go:108: err: open /api/v1/: no such file or directory
[Err]:2022/10/26 12:49:58.570894 load_config.go:62: err: open config_local.json: no such file or directory
[Err]:2022/10/26 12:49:58.570950 proxy.go:108: err: open /api/v1/: no such file or directory
[Err]:2022/10/26 12:50:29.493549 load_config.go:62: err: open config_local.json: no such file or directory
[Err]:2022/10/26 12:50:29.493624 proxy.go:108: err: open /api/v1/: no such file or directory
[Err]:2022/10/26 12:51:51.416113 load_config.go:62: err: open config_local.json: no such file or directory
[Err]:2022/10/26 12:51:51.416435 proxy.go:108: err: open /api/v1/: no such file or directory
[Err]:2022/10/26 12:52:37.895553 load_config.go:62: err: open config_local.json: no such file or directory
[Err]:2022/10/26 12:52:37.895919 proxy.go:108: err: open /api/v1/: no such file or directory
[Err]:2022/10/26 13:04:18.853703 load_config.go:62: err: open config_local.json: no such file or directory
[Err]:2022/10/26 13:04:18.854350 proxy.go:108: err: open /api/v1/: no such file or directory
[Err]:2022/10/26 13:04:33.470281 load_config.go:62: err: open config_local.json: no such file or directory
[Err]:2022/10/26 13:04:33.470570 proxy.go:108: err: open /api/v1/: no such file or directory
[Err]:2022/10/26 13:04:42.570677 load_config.go:62: err: open config_local.json: no such file or directory
[Err]:2022/10/26 13:04:42.570792 proxy.go:108: err: open /api/v1/: no such file or directory
[Err]:2022/10/26 13:04:47.340452 load_config.go:62: err: open config_local.json: no such file or directory
[Err]:2022/10/26 13:04:47.340564 proxy.go:108: err: open /api/v1/: no such file or directory
[Err]:2022/10/26 13:05:13.397405 load_config.go:62: err: open config_local.json: no such file or directory
[Err]:2022/10/26 13:05:13.397793 proxy.go:108: err: open /api/v1/: no such file or directory
[Err]:2022/10/26 13:05:32.369974 load_config.go:62: err: open config_local.json: no such file or directory
[Err]:2022/10/26 13:05:32.370275 proxy.go:108: err: open /api/v1/: no such file or directory
[Err]:2022/10/26 13:05:41.021081 load_config.go:62: err: open config_local.json: no such file or directory
[Err]:2022/10/26 13:05:41.021590 proxy.go:108: err: open /api/v1/: no such file or directory
[Err]:2022/10/26 13:08:40.304669 load_config.go:62: err: open config_local.json: no such file or directory
[Err]:2022/10/26 13:08:40.304930 proxy.go:108: err: open /api/v1/: no such file or directory
[Err]:2022/10/26 13:09:45.177422 load_config.go:62: err: open config_local.json: no such file or directory
[Err]:2022/10/26 13:09:45.178157 proxy.go:108: err: open /api/v1/: no such file or directory
[Err]:2022/10/26 13:09:58.018031 load_config.go:62: err: open config_local.json: no such file or directory
[Err]:2022/10/26 13:09:58.018443 proxy.go:108: err: open /api/v1/: no such file or directory
[Err]:2022/10/26 13:12:55.991913 load_config.go:62: err: open config_local.json: no such file or directory
[Err]:2022/10/26 13:12:55.992279 proxy.go:108: err: open /api/v1/: no such file or directory
[Err]:2022/10/26 13:15:00.356163 load_config.go:62: err: open config_local.json: no such file or directory
[Err]:2022/10/26 13:15:00.356331 proxy.go:108: err: open /api/v1/: no such file or directory
[Err]:2022/10/26 13:16:06.081201 load_config.go:62: err: open config_local.json: no such file or directory
[Err]:2022/10/26 13:16:06.081670 proxy.go:108: err: open /api/v1/: no such file or directory
[Err]:2022/10/26 13:17:56.675357 load_config.go:62: err: open config_local.json: no such file or directory
[Err]:2022/10/26 13:17:56.675482 proxy.go:108: err: open /api/v1/: no such file or directory
[Err]:2022/10/26 13:18:04.355959 load_config.go:62: err: open config_local.json: no such file or directory
[Err]:2022/10/26 13:18:04.356055 proxy.go:108: err: open /api/v1/: no such file or directory
[Err]:2022/10/26 13:18:20.499866 load_config.go:62: err: open config_local.json: no such file or directory
[Err]:2022/10/26 13:18:20.500408 proxy.go:108: err: open /api/v1/: no such file or directory
[Err]:2022/10/26 13:18:53.278320 load_config.go:62: err: open config_local.json: no such file or directory
[Err]:2022/10/26 13:18:53.278432 proxy.go:108: err: open /api/v1/: no such file or directory
[Err]:2022/10/26 13:19:20.894867 load_config.go:62: err: open config_local.json: no such file or directory
[Err]:2022/10/26 13:19:20.895203 proxy.go:108: err: open /api/v1/: no such file or directory
[Err]:2022/10/26 13:20:30.461792 load_config.go:62: err: open config_local.json: no such file or directory
[Err]:2022/10/26 13:20:30.461930 proxy.go:108: err: open /api/v1/: no such file or directory
[Err]:2022/10/26 13:20:47.213592 load_config.go:62: err: open config_local.json: no such file or directory
[Err]:2022/10/26 13:20:47.213740 proxy.go:108: err: open /api/v1/: no such file or directory
[Err]:2022/10/26 13:22:09.348235 load_config.go:62: err: open config_local.json: no such file or directory
[Err]:2022/10/26 13:22:09.348560 proxy.go:108: err: open /api/v1/: no such file or directory
[Err]:2022/10/26 13:23:31.815252 load_config.go:62: err: open config_local.json: no such file or directory
[Err]:2022/10/26 13:23:31.815529 proxy.go:108: err: open /api/v1/: no such file or directory
[Err]:2022/10/26 13:23:41.495052 load_config.go:62: err: open config_local.json: no such file or directory
[Err]:2022/10/26 13:23:41.495525 proxy.go:108: err: open /api/v1/: no such file or directory
[Err]:2022/10/26 13:23:57.367136 load_config.go:62: err: open config_local.json: no such file or directory
[Err]:2022/10/26 13:23:57.367247 proxy.go:108: err: open /api/v1/: no such file or directory
[Err]:2022/10/26 13:35:09.736989 load_config.go:62: err: open config_local.json: no such file or directory
[Err]:2022/10/26 13:35:09.737093 proxy.go:108: err: open /api/v1/: no such file or directory
[Err]:2022/10/26 13:35:16.684169 load_config.go:62: err: open config_local.json: no such file or directory
[Err]:2022/10/26 13:35:16.684530 proxy.go:108: err: open /api/v1/: no such file or directory
[Err]:2022/10/26 13:35:39.282653 load_config.go:62: err: open config_local.json: no such file or directory
[Err]:2022/10/26 13:35:39.282925 proxy.go:108: err: open /api/v1/: no such file or directory
[Err]:2022/10/26 13:35:52.375500 load_config.go:62: err: open config_local.json: no such file or directory
[Err]:2022/10/26 13:35:52.375608 proxy.go:108: err: open /api/v1/: no such file or directory
[Err]:2022/10/26 13:59:56.952129 load_config.go:62: err: open config_local.json: no such file or directory
[Err]:2022/10/26 14:00:49.796980 load_config.go:62: err: open config_local.json: no such file or directory
[Err]:2022/10/26 14:00:49.797551 proxy.go:120: err: open /api/v1/: no such file or directory
[Err]:2022/10/26 14:02:56.441461 load_config.go:62: err: open config_local.json: no such file or directory
